<?xml version="1.0" encoding="UTF-8"?>
<testsuite xmlns:xsi="http://www.w3.org/2001/XMLSchema-instance" xsi:noNamespaceSchemaLocation="https://maven.apache.org/surefire/maven-surefire-plugin/xsd/surefire-test-report-3.0.xsd" version="3.0" name="com.voltnuerongrid.ide.VngHttpClientTest" time="0.026" tests="8" errors="0" skipped="0" failures="0">
  <properties>
[...]
</properties>
  <testcase name="jsonStringEscapesQuotesAndNewlines" classname="com.voltnuerongrid.ide.VngHttpClientTest" time="0.01"/>
  <testcase name="parsesObjectColumnsAndObjectRows" classname="com.voltnuerongrid.ide.VngHttpClientTest" time="0.001"/>
  <testcase name="parsesArrayRows" classname="com.voltnuerongrid.ide.VngHttpClientTest" time="0.001"/>
  <testcase name="omitsAuthHeadersWhenNoKey" classname="com.voltnuerongrid.ide.VngHttpClientTest" time="0.001"/>
  <testcase name="miniJsonRoundTripsNestedStructures" classname="com.voltnuerongrid.ide.VngHttpClientTest" time="0.0"/>
  <testcase name="defaultsOperatorIdToAdmin" classname="com.voltnuerongrid.ide.VngHttpClientTest" time="0.001"/>
  <testcase name="liveExecuteAgainstServer" classname="com.voltnuerongrid.ide.VngHttpClientTest" time="0.001"/>
  <testcase name="buildsAuthHeadersWithOperatorAndDatabase" classname="com.voltnuerongrid.ide.VngHttpClientTest" time="0.0"/>
</testsuite>